<?xml version="1.0" encoding="UTF-8"?>
<!-- Generated by org.testng.reporters.JUnitReportReporter -->
<testsuite hostname="MSI" failures="0" tests="3" name="io.weconnect.automation.Loginpage.LoginTest" time="10.755" errors="0" timestamp="2024-12-06T21:33:48 IST" skipped="0">
  <testcase classname="io.weconnect.automation.Loginpage.LoginTest" name="testValidLogin" time="2.481"/>
  <testcase classname="io.weconnect.automation.Loginpage.LoginTest" name="testValidLogin" time="2.596"/>
  <testcase classname="io.weconnect.automation.Loginpage.LoginTest" name="testValidLogin" time="5.678"/>
</testsuite> <!-- io.weconnect.automation.Loginpage.LoginTest -->
